---------------------------------------------------------------
[ 2018-10-07T14:39:28+08:00 ] 127.0.0.1 GET /api/index/get_wallet_address?type=1&phone=18814118906&amount=1000
[ info ] lin.com/api/index/get_wallet_address?type=1&phone=18814118906&amount=1000 [运行时间：0.443026s][吞吐率：2.26req/s] [内存消耗：1,633.84kb] [文件加载：49]
[ info ] [ LANG ] D:\PHPTutorial\WWW\open\thinkphp\lang\zh-cn.php
[ info ] [ ROUTE ] array (
  'type' => 'module',
  'module' => 
  array (
    0 => 'api',
    1 => 'index',
    2 => 'get_wallet_address',
  ),
)
[ info ] [ HEADER ] array (
  'connection' => 'close',
  'accept-encoding' => 'gzip, deflate',
  'cookie' => 'PHPSESSID=bg0q49tidm0c6bvehjubhutou1',
  'host' => 'lin.com',
  'accept' => '*/*',
  'user-agent' => 'PostmanRuntime/3.0.9',
  'postman-token' => '304a467e-0189-441a-9b56-1a9b110ee96f',
  'cache-control' => 'no-cache',
)
[ info ] [ PARAM ] array (
  '/api/index/get_wallet_address' => '',
  'type' => '1',
  'phone' => '18814118906',
  'amount' => '1000',
)
[ info ] [ LOG ] INIT File
---------------------------------------------------------------
[ 2018-10-07T14:39:56+08:00 ] 127.0.0.1 GET /api/index
[ info ] lin.com/api/index [运行时间：0.044003s][吞吐率：22.73req/s] [内存消耗：1,605.12kb] [文件加载：46]
[ info ] [ LANG ] D:\PHPTutorial\WWW\open\thinkphp\lang\zh-cn.php
[ info ] [ ROUTE ] array (
  'type' => 'module',
  'module' => 
  array (
    0 => 'api',
    1 => 'index',
    2 => NULL,
  ),
)
[ info ] [ HEADER ] array (
  'cookie' => 'vsid=931vr2770930807802142; pgv_pvi=7673728000',
  'accept-language' => 'zh-CN,zh;q=0.9',
  'accept-encoding' => 'gzip, deflate',
  'accept' => 'text/html,application/xhtml+xml,application/xml;q=0.9,image/webp,image/apng,*/*;q=0.8',
  'user-agent' => 'Mozilla/5.0 (Windows NT 6.1; Win64; x64) AppleWebKit/537.36 (KHTML, like Gecko) Chrome/66.0.3359.181 Safari/537.36',
  'upgrade-insecure-requests' => '1',
  'connection' => 'close',
  'host' => 'lin.com',
)
[ info ] [ PARAM ] array (
  '/api/index' => '',
)
[ info ] [ RUN ] app\api\controller\Index->index[ D:\PHPTutorial\WWW\open\application\api\controller\Index.php ]
[ info ] [ LOG ] INIT File
---------------------------------------------------------------
[ 2018-10-07T14:39:58+08:00 ] 127.0.0.1 GET /api/index
[ info ] lin.com/api/index [运行时间：0.046003s][吞吐率：21.74req/s] [内存消耗：1,605.27kb] [文件加载：46]
[ info ] [ LANG ] D:\PHPTutorial\WWW\open\thinkphp\lang\zh-cn.php
[ info ] [ ROUTE ] array (
  'type' => 'module',
  'module' => 
  array (
    0 => 'api',
    1 => 'index',
    2 => NULL,
  ),
)
[ info ] [ HEADER ] array (
  'cookie' => 'vsid=931vr2770930807802142; pgv_pvi=7673728000',
  'accept-language' => 'zh-CN,zh;q=0.9',
  'accept-encoding' => 'gzip, deflate',
  'accept' => 'text/html,application/xhtml+xml,application/xml;q=0.9,image/webp,image/apng,*/*;q=0.8',
  'user-agent' => 'Mozilla/5.0 (Windows NT 6.1; Win64; x64) AppleWebKit/537.36 (KHTML, like Gecko) Chrome/66.0.3359.181 Safari/537.36',
  'upgrade-insecure-requests' => '1',
  'cache-control' => 'max-age=0',
  'connection' => 'close',
  'host' => 'lin.com',
)
[ info ] [ PARAM ] array (
  '/api/index' => '',
)
[ info ] [ RUN ] app\api\controller\Index->index[ D:\PHPTutorial\WWW\open\application\api\controller\Index.php ]
[ info ] [ LOG ] INIT File
---------------------------------------------------------------
[ 2018-10-07T14:40:15+08:00 ] 127.0.0.1 GET /api/index/key/123456789
[ info ] lin.com/api/index/key/123456789 [运行时间：0.048002s][吞吐率：20.83req/s] [内存消耗：1,633.74kb] [文件加载：49]
[ info ] [ LANG ] D:\PHPTutorial\WWW\open\thinkphp\lang\zh-cn.php
[ info ] [ ROUTE ] array (
  'type' => 'module',
  'module' => 
  array (
    0 => 'api',
    1 => 'index',
    2 => 'key',
  ),
)
[ info ] [ HEADER ] array (
  'cookie' => 'vsid=931vr2770930807802142; pgv_pvi=7673728000',
  'accept-language' => 'zh-CN,zh;q=0.9',
  'accept-encoding' => 'gzip, deflate',
  'accept' => 'text/html,application/xhtml+xml,application/xml;q=0.9,image/webp,image/apng,*/*;q=0.8',
  'user-agent' => 'Mozilla/5.0 (Windows NT 6.1; Win64; x64) AppleWebKit/537.36 (KHTML, like Gecko) Chrome/66.0.3359.181 Safari/537.36',
  'upgrade-insecure-requests' => '1',
  'connection' => 'close',
  'host' => 'lin.com',
)
[ info ] [ PARAM ] array (
  '/api/index/key/123456789' => '',
)
[ info ] [ LOG ] INIT File
---------------------------------------------------------------
[ 2018-10-07T14:40:22+08:00 ] 127.0.0.1 GET /api/index/index/key/123456789
[ info ] lin.com/api/index/index/key/123456789 [运行时间：0.088005s][吞吐率：11.36req/s] [内存消耗：1,842.68kb] [文件加载：49]
[ info ] [ LANG ] D:\PHPTutorial\WWW\open\thinkphp\lang\zh-cn.php
[ info ] [ ROUTE ] array (
  'type' => 'module',
  'module' => 
  array (
    0 => 'api',
    1 => 'index',
    2 => 'index',
  ),
)
[ info ] [ HEADER ] array (
  'cookie' => 'vsid=931vr2770930807802142; pgv_pvi=7673728000',
  'accept-language' => 'zh-CN,zh;q=0.9',
  'accept-encoding' => 'gzip, deflate',
  'accept' => 'text/html,application/xhtml+xml,application/xml;q=0.9,image/webp,image/apng,*/*;q=0.8',
  'user-agent' => 'Mozilla/5.0 (Windows NT 6.1; Win64; x64) AppleWebKit/537.36 (KHTML, like Gecko) Chrome/66.0.3359.181 Safari/537.36',
  'upgrade-insecure-requests' => '1',
  'connection' => 'close',
  'host' => 'lin.com',
)
[ info ] [ PARAM ] array (
  '/api/index/index/key/123456789' => '',
  'key' => '123456789',
)
[ info ] [ RUN ] app\api\controller\Index->index[ D:\PHPTutorial\WWW\open\application\api\controller\Index.php ]
[ info ] [ VIEW ] D:\PHPTutorial\WWW\open\public/../application/api\view\index\index.html [ array (
) ]
[ info ] [ LOG ] INIT File
---------------------------------------------------------------
[ 2018-10-07T14:40:46+08:00 ] 127.0.0.1 GET /api/index/get_wallet_address?type=1&phone=18814118906&amount=1000
[ info ] lin.com/api/index/get_wallet_address?type=1&phone=18814118906&amount=1000 [运行时间：0.044003s][吞吐率：22.73req/s] [内存消耗：1,633.80kb] [文件加载：49]
[ info ] [ LANG ] D:\PHPTutorial\WWW\open\thinkphp\lang\zh-cn.php
[ info ] [ ROUTE ] array (
  'type' => 'module',
  'module' => 
  array (
    0 => 'api',
    1 => 'index',
    2 => 'get_wallet_address',
  ),
)
[ info ] [ HEADER ] array (
  'connection' => 'close',
  'accept-encoding' => 'gzip, deflate',
  'cookie' => 'PHPSESSID=bg0q49tidm0c6bvehjubhutou1',
  'host' => 'lin.com',
  'accept' => '*/*',
  'user-agent' => 'PostmanRuntime/3.0.9',
  'postman-token' => 'ea6abf71-9cdd-463b-9be8-ba0cb8a219ce',
  'cache-control' => 'no-cache',
)
[ info ] [ PARAM ] array (
  '/api/index/get_wallet_address' => '',
  'type' => '1',
  'phone' => '18814118906',
  'amount' => '1000',
)
[ info ] [ LOG ] INIT File
---------------------------------------------------------------
[ 2018-10-07T14:41:36+08:00 ] 127.0.0.1 GET /api/index/get_wallet_address?type=1&phone=18814118906&amount=1000
[ info ] lin.com/api/index/get_wallet_address?type=1&phone=18814118906&amount=1000 [运行时间：0.054003s][吞吐率：18.52req/s] [内存消耗：1,633.80kb] [文件加载：49]
[ info ] [ LANG ] D:\PHPTutorial\WWW\open\thinkphp\lang\zh-cn.php
[ info ] [ ROUTE ] array (
  'type' => 'module',
  'module' => 
  array (
    0 => 'api',
    1 => 'index',
    2 => 'get_wallet_address',
  ),
)
[ info ] [ HEADER ] array (
  'connection' => 'close',
  'accept-encoding' => 'gzip, deflate',
  'cookie' => 'PHPSESSID=bg0q49tidm0c6bvehjubhutou1',
  'host' => 'lin.com',
  'accept' => '*/*',
  'user-agent' => 'PostmanRuntime/3.0.9',
  'postman-token' => '3cf8a8bb-4c02-42fb-85cc-e313a8771926',
  'cache-control' => 'no-cache',
)
[ info ] [ PARAM ] array (
  '/api/index/get_wallet_address' => '',
  'type' => '1',
  'phone' => '18814118906',
  'amount' => '1000',
)
[ info ] [ LOG ] INIT File
---------------------------------------------------------------
[ 2018-10-07T14:41:43+08:00 ] 127.0.0.1 GET /api/index/get_wallet_address
[ info ] lin.com/api/index/get_wallet_address [运行时间：0.043002s][吞吐率：23.25req/s] [内存消耗：1,633.18kb] [文件加载：49]
[ info ] [ LANG ] D:\PHPTutorial\WWW\open\thinkphp\lang\zh-cn.php
[ info ] [ ROUTE ] array (
  'type' => 'module',
  'module' => 
  array (
    0 => 'api',
    1 => 'index',
    2 => 'get_wallet_address',
  ),
)
[ info ] [ HEADER ] array (
  'connection' => 'close',
  'accept-encoding' => 'gzip, deflate',
  'cookie' => 'PHPSESSID=bg0q49tidm0c6bvehjubhutou1',
  'host' => 'lin.com',
  'accept' => '*/*',
  'user-agent' => 'PostmanRuntime/3.0.9',
  'postman-token' => 'e4b698b9-505f-4f06-a637-0eead4534758',
  'cache-control' => 'no-cache',
)
[ info ] [ PARAM ] array (
  '/api/index/get_wallet_address' => '',
)
[ info ] [ LOG ] INIT File
---------------------------------------------------------------
[ 2018-10-07T14:42:03+08:00 ] 127.0.0.1 GET /api/index/index/get_wallet_address
[ info ] lin.com/api/index/index/get_wallet_address [运行时间：0.041002s][吞吐率：24.39req/s] [内存消耗：1,604.66kb] [文件加载：46]
[ info ] [ LANG ] D:\PHPTutorial\WWW\open\thinkphp\lang\zh-cn.php
[ info ] [ ROUTE ] array (
  'type' => 'module',
  'module' => 
  array (
    0 => 'api',
    1 => 'index',
    2 => 'index',
  ),
)
[ info ] [ HEADER ] array (
  'connection' => 'close',
  'accept-encoding' => 'gzip, deflate',
  'cookie' => 'PHPSESSID=bg0q49tidm0c6bvehjubhutou1',
  'host' => 'lin.com',
  'accept' => '*/*',
  'user-agent' => 'PostmanRuntime/3.0.9',
  'postman-token' => '71cc429f-1755-4f08-8460-5e77d9c0c3ca',
  'cache-control' => 'no-cache',
)
[ info ] [ PARAM ] array (
  '/api/index/index/get_wallet_address' => '',
)
[ info ] [ RUN ] app\api\controller\Index->index[ D:\PHPTutorial\WWW\open\application\api\controller\Index.php ]
[ info ] [ LOG ] INIT File
---------------------------------------------------------------
[ 2018-10-07T14:42:12+08:00 ] 127.0.0.1 GET /api/index/get_wallet_address
[ info ] lin.com/api/index/get_wallet_address [运行时间：0.043002s][吞吐率：23.25req/s] [内存消耗：1,633.18kb] [文件加载：49]
[ info ] [ LANG ] D:\PHPTutorial\WWW\open\thinkphp\lang\zh-cn.php
[ info ] [ ROUTE ] array (
  'type' => 'module',
  'module' => 
  array (
    0 => 'api',
    1 => 'index',
    2 => 'get_wallet_address',
  ),
)
[ info ] [ HEADER ] array (
  'connection' => 'close',
  'accept-encoding' => 'gzip, deflate',
  'cookie' => 'PHPSESSID=bg0q49tidm0c6bvehjubhutou1',
  'host' => 'lin.com',
  'accept' => '*/*',
  'user-agent' => 'PostmanRuntime/3.0.9',
  'postman-token' => '6c6bea0d-cda1-486e-9fc0-bde5f3406e4c',
  'cache-control' => 'no-cache',
)
[ info ] [ PARAM ] array (
  '/api/index/get_wallet_address' => '',
)
[ info ] [ LOG ] INIT File
---------------------------------------------------------------
[ 2018-10-07T14:43:09+08:00 ] 127.0.0.1 GET /api/index/text
[ info ] lin.com/api/index/text [运行时间：0.044003s][吞吐率：22.73req/s] [内存消耗：1,632.95kb] [文件加载：49]
[ info ] [ LANG ] D:\PHPTutorial\WWW\open\thinkphp\lang\zh-cn.php
[ info ] [ ROUTE ] array (
  'type' => 'module',
  'module' => 
  array (
    0 => 'api',
    1 => 'index',
    2 => 'text',
  ),
)
[ info ] [ HEADER ] array (
  'connection' => 'close',
  'accept-encoding' => 'gzip, deflate',
  'cookie' => 'PHPSESSID=bg0q49tidm0c6bvehjubhutou1',
  'host' => 'lin.com',
  'accept' => '*/*',
  'user-agent' => 'PostmanRuntime/3.0.9',
  'postman-token' => 'ebdc7e36-5ed4-461b-97da-485fe65ec458',
  'cache-control' => 'no-cache',
)
[ info ] [ PARAM ] array (
  '/api/index/text' => '',
)
[ info ] [ LOG ] INIT File
---------------------------------------------------------------
[ 2018-10-07T14:43:37+08:00 ] 127.0.0.1 GET /api/index/index/key/123456789
[ info ] lin.com/api/index/index/key/123456789 [运行时间：0.052003s][吞吐率：19.23req/s] [内存消耗：1,639.79kb] [文件加载：47]
[ info ] [ LANG ] D:\PHPTutorial\WWW\open\thinkphp\lang\zh-cn.php
[ info ] [ ROUTE ] array (
  'type' => 'module',
  'module' => 
  array (
    0 => 'api',
    1 => 'index',
    2 => 'index',
  ),
)
[ info ] [ HEADER ] array (
  'connection' => 'close',
  'accept-encoding' => 'gzip, deflate',
  'cookie' => 'PHPSESSID=bg0q49tidm0c6bvehjubhutou1',
  'host' => 'lin.com',
  'accept' => '*/*',
  'user-agent' => 'PostmanRuntime/3.0.9',
  'postman-token' => '61f5ef25-2f83-4cd4-9094-779a2a29039b',
  'cache-control' => 'no-cache',
)
[ info ] [ PARAM ] array (
  '/api/index/index/key/123456789' => '',
  'key' => '123456789',
)
[ info ] [ RUN ] app\api\controller\Index->index[ D:\PHPTutorial\WWW\open\application\api\controller\Index.php ]
[ info ] [ VIEW ] D:\PHPTutorial\WWW\open\public/../application/api\view\index\index.html [ array (
) ]
[ info ] [ LOG ] INIT File
---------------------------------------------------------------
[ 2018-10-07T14:44:13+08:00 ] 127.0.0.1 GET /api/index/text
[ info ] lin.com/api/index/text [运行时间：0.044003s][吞吐率：22.73req/s] [内存消耗：1,632.95kb] [文件加载：49]
[ info ] [ LANG ] D:\PHPTutorial\WWW\open\thinkphp\lang\zh-cn.php
[ info ] [ ROUTE ] array (
  'type' => 'module',
  'module' => 
  array (
    0 => 'api',
    1 => 'index',
    2 => 'text',
  ),
)
[ info ] [ HEADER ] array (
  'connection' => 'close',
  'accept-encoding' => 'gzip, deflate',
  'cookie' => 'PHPSESSID=bg0q49tidm0c6bvehjubhutou1',
  'host' => 'lin.com',
  'accept' => '*/*',
  'user-agent' => 'PostmanRuntime/3.0.9',
  'postman-token' => 'ee70cdf1-b0bf-467c-9f43-a2c753f7eff2',
  'cache-control' => 'no-cache',
)
[ info ] [ PARAM ] array (
  '/api/index/text' => '',
)
[ info ] [ LOG ] INIT File
---------------------------------------------------------------
[ 2018-10-07T14:44:24+08:00 ] 127.0.0.1 GET /api/index/get_wallet_address
[ info ] lin.com/api/index/get_wallet_address [运行时间：0.044003s][吞吐率：22.73req/s] [内存消耗：1,633.18kb] [文件加载：49]
[ info ] [ LANG ] D:\PHPTutorial\WWW\open\thinkphp\lang\zh-cn.php
[ info ] [ ROUTE ] array (
  'type' => 'module',
  'module' => 
  array (
    0 => 'api',
    1 => 'index',
    2 => 'get_wallet_address',
  ),
)
[ info ] [ HEADER ] array (
  'connection' => 'close',
  'accept-encoding' => 'gzip, deflate',
  'cookie' => 'PHPSESSID=bg0q49tidm0c6bvehjubhutou1',
  'host' => 'lin.com',
  'accept' => '*/*',
  'user-agent' => 'PostmanRuntime/3.0.9',
  'postman-token' => '7ffc9378-5dba-455c-a2be-259dce3bf6e6',
  'cache-control' => 'no-cache',
)
[ info ] [ PARAM ] array (
  '/api/index/get_wallet_address' => '',
)
[ info ] [ LOG ] INIT File
---------------------------------------------------------------
[ 2018-10-07T14:44:50+08:00 ] 127.0.0.1 GET /api/index/get_wallet_address
[ info ] lin.com/api/index/get_wallet_address [运行时间：0.043003s][吞吐率：23.25req/s] [内存消耗：1,633.18kb] [文件加载：49]
[ info ] [ LANG ] D:\PHPTutorial\WWW\open\thinkphp\lang\zh-cn.php
[ info ] [ ROUTE ] array (
  'type' => 'module',
  'module' => 
  array (
    0 => 'api',
    1 => 'index',
    2 => 'get_wallet_address',
  ),
)
[ info ] [ HEADER ] array (
  'connection' => 'close',
  'accept-encoding' => 'gzip, deflate',
  'cookie' => 'PHPSESSID=bg0q49tidm0c6bvehjubhutou1',
  'host' => 'lin.com',
  'accept' => '*/*',
  'user-agent' => 'PostmanRuntime/3.0.9',
  'postman-token' => '3960c12d-8b0d-4d27-bcaa-d7068f87f205',
  'cache-control' => 'no-cache',
)
[ info ] [ PARAM ] array (
  '/api/index/get_wallet_address' => '',
)
[ info ] [ LOG ] INIT File
---------------------------------------------------------------
[ 2018-10-07T14:45:07+08:00 ] 127.0.0.1 GET /api/index/test
[ info ] lin.com/api/index/test [运行时间：0.043003s][吞吐率：23.25req/s] [内存消耗：1,632.95kb] [文件加载：49]
[ info ] [ LANG ] D:\PHPTutorial\WWW\open\thinkphp\lang\zh-cn.php
[ info ] [ ROUTE ] array (
  'type' => 'module',
  'module' => 
  array (
    0 => 'api',
    1 => 'index',
    2 => 'test',
  ),
)
[ info ] [ HEADER ] array (
  'connection' => 'close',
  'accept-encoding' => 'gzip, deflate',
  'cookie' => 'PHPSESSID=bg0q49tidm0c6bvehjubhutou1',
  'host' => 'lin.com',
  'accept' => '*/*',
  'user-agent' => 'PostmanRuntime/3.0.9',
  'postman-token' => '2d1e726e-f893-43ab-8917-b409f2664b0d',
  'cache-control' => 'no-cache',
)
[ info ] [ PARAM ] array (
  '/api/index/test' => '',
)
[ info ] [ LOG ] INIT File
---------------------------------------------------------------
[ 2018-10-07T14:45:41+08:00 ] 127.0.0.1 GET /api/index/get_wallet_address
[ info ] lin.com/api/index/get_wallet_address [运行时间：0.053003s][吞吐率：18.87req/s] [内存消耗：1,633.18kb] [文件加载：49]
[ info ] [ LANG ] D:\PHPTutorial\WWW\open\thinkphp\lang\zh-cn.php
[ info ] [ ROUTE ] array (
  'type' => 'module',
  'module' => 
  array (
    0 => 'api',
    1 => 'index',
    2 => 'get_wallet_address',
  ),
)
[ info ] [ HEADER ] array (
  'connection' => 'close',
  'accept-encoding' => 'gzip, deflate',
  'cookie' => 'PHPSESSID=bg0q49tidm0c6bvehjubhutou1',
  'host' => 'lin.com',
  'accept' => '*/*',
  'user-agent' => 'PostmanRuntime/3.0.9',
  'postman-token' => '895901e7-a47b-426a-9a53-69aae59f09cb',
  'cache-control' => 'no-cache',
)
[ info ] [ PARAM ] array (
  '/api/index/get_wallet_address' => '',
)
[ info ] [ LOG ] INIT File
---------------------------------------------------------------
[ 2018-10-07T14:46:23+08:00 ] 127.0.0.1 GET /api/index/get_wallet_address
[ info ] lin.com/api/index/get_wallet_address [运行时间：0.044002s][吞吐率：22.73req/s] [内存消耗：1,633.18kb] [文件加载：49]
[ info ] [ LANG ] D:\PHPTutorial\WWW\open\thinkphp\lang\zh-cn.php
[ info ] [ ROUTE ] array (
  'type' => 'module',
  'module' => 
  array (
    0 => 'api',
    1 => 'index',
    2 => 'get_wallet_address',
  ),
)
[ info ] [ HEADER ] array (
  'connection' => 'close',
  'accept-encoding' => 'gzip, deflate',
  'cookie' => 'PHPSESSID=bg0q49tidm0c6bvehjubhutou1',
  'host' => 'lin.com',
  'accept' => '*/*',
  'user-agent' => 'PostmanRuntime/3.0.9',
  'postman-token' => '5e8287f7-4ca4-4092-958e-c9ab13d019be',
  'cache-control' => 'no-cache',
)
[ info ] [ PARAM ] array (
  '/api/index/get_wallet_address' => '',
)
[ info ] [ LOG ] INIT File
---------------------------------------------------------------
[ 2018-10-07T14:47:57+08:00 ] 127.0.0.1 GET /api/index/ggg
[ info ] lin.com/api/index/ggg [运行时间：0.055003s][吞吐率：18.18req/s] [内存消耗：1,633.04kb] [文件加载：49]
[ info ] [ LANG ] D:\PHPTutorial\WWW\open\thinkphp\lang\zh-cn.php
[ info ] [ ROUTE ] array (
  'type' => 'module',
  'module' => 
  array (
    0 => 'api',
    1 => 'index',
    2 => 'ggg',
  ),
)
[ info ] [ HEADER ] array (
  'connection' => 'close',
  'accept-encoding' => 'gzip, deflate',
  'cookie' => 'PHPSESSID=bg0q49tidm0c6bvehjubhutou1',
  'host' => 'lin.com',
  'accept' => '*/*',
  'user-agent' => 'PostmanRuntime/3.0.9',
  'postman-token' => 'df16834e-8119-49ca-ab4d-07a90176d123',
  'cache-control' => 'no-cache',
)
[ info ] [ PARAM ] array (
  '/api/index/ggg' => '',
)
[ info ] [ LOG ] INIT File
