---------------------------------------------------------------
[ 2018-09-12T17:44:27+08:00 ] 127.0.0.1 GET /
[ info ] lin.com/ [è¿è¡Œæ—¶é—´ï¼š0.407023s][åžåçŽ‡ï¼š2.46req/s] [å†…å­˜æ¶ˆè€—ï¼š1,443.28kb] [æ–‡ä»¶åŠ è½½ï¼š47]
[ info ] [ LANG ] D:\PHPTutorial\WWW\open\thinkphp\lang\zh-cn.php
[ info ] [ ROUTE ] array (
  'type' => 'module',
  'module' => 
  array (
    0 => '',
    1 => NULL,
    2 => NULL,
  ),
)
[ info ] [ HEADER ] array (
  'accept-language' => 'zh-CN,zh;q=0.8',
  'accept-encoding' => 'gzip, deflate',
  'accept' => 'text/html,application/xhtml+xml,application/xml;q=0.9,image/webp,*/*;q=0.8',
  'user-agent' => 'Mozilla/5.0 (Windows NT 6.1; WOW64) AppleWebKit/537.36 (KHTML, like Gecko) Chrome/56.0.2924.90 Safari/537.36 2345Explorer/9.3.2.17331',
  'upgrade-insecure-requests' => '1',
  'connection' => 'close',
  'host' => 'lin.com',
)
[ info ] [ PARAM ] array (
)
[ info ] [ RUN ] app\admin\controller\Login->index[ D:\PHPTutorial\WWW\open\application\admin\controller\Login.php ]
[ info ] [ VIEW ] D:\PHPTutorial\WWW\open\public/../application/admin\view\login.html [ array (
) ]
[ info ] [ LOG ] INIT File
---------------------------------------------------------------
[ 2018-09-12T17:44:27+08:00 ] 127.0.0.1 GET /admin/login/checkverify.html
[ info ] lin.com/admin/login/checkverify.html [è¿è¡Œæ—¶é—´ï¼š0.111007s][åžåçŽ‡ï¼š9.01req/s] [å†…å­˜æ¶ˆè€—ï¼š1,444.55kb] [æ–‡ä»¶åŠ è½½ï¼š46]
[ info ] [ LANG ] D:\PHPTutorial\WWW\open\thinkphp\lang\zh-cn.php
[ info ] [ ROUTE ] array (
  'type' => 'module',
  'module' => 
  array (
    0 => 'admin',
    1 => 'login',
    2 => 'checkverify',
  ),
)
[ info ] [ HEADER ] array (
  'accept-language' => 'zh-CN,zh;q=0.8',
  'accept-encoding' => 'gzip, deflate',
  'referer' => 'http://lin.com/',
  'accept' => 'image/webp,image/*,*/*;q=0.8',
  'user-agent' => 'Mozilla/5.0 (Windows NT 6.1; WOW64) AppleWebKit/537.36 (KHTML, like Gecko) Chrome/56.0.2924.90 Safari/537.36 2345Explorer/9.3.2.17331',
  'connection' => 'close',
  'host' => 'lin.com',
)
[ info ] [ PARAM ] array (
  '/admin/login/checkverify_html' => '',
)
[ info ] [ RUN ] app\admin\controller\Login->checkVerify[ D:\PHPTutorial\WWW\open\application\admin\controller\Login.php ]
[ info ] [ SESSION ] INIT array (
  'id' => '',
  'var_session_id' => '',
  'prefix' => 'think',
  'type' => '',
  'auto_start' => true,
  'httponly' => true,
  'secure' => false,
)
[ info ] [ LOG ] INIT File
---------------------------------------------------------------
[ 2018-09-12T17:44:33+08:00 ] 127.0.0.1 GET /admin/login/checkverify.html?tm=0.5098541925867464
[ info ] lin.com/admin/login/checkverify.html?tm=0.5098541925867464 [è¿è¡Œæ—¶é—´ï¼š0.050003s][åžåçŽ‡ï¼š20.00req/s] [å†…å­˜æ¶ˆè€—ï¼š1,444.83kb] [æ–‡ä»¶åŠ è½½ï¼š46]
[ info ] [ LANG ] D:\PHPTutorial\WWW\open\thinkphp\lang\zh-cn.php
[ info ] [ ROUTE ] array (
  'type' => 'module',
  'module' => 
  array (
    0 => 'admin',
    1 => 'login',
    2 => 'checkverify',
  ),
)
[ info ] [ HEADER ] array (
  'cookie' => 'PHPSESSID=himvihei30ndcs3paiq2505h07',
  'accept-language' => 'zh-CN,zh;q=0.8',
  'accept-encoding' => 'gzip, deflate',
  'referer' => 'http://lin.com/',
  'accept' => 'image/webp,image/*,*/*;q=0.8',
  'user-agent' => 'Mozilla/5.0 (Windows NT 6.1; WOW64) AppleWebKit/537.36 (KHTML, like Gecko) Chrome/56.0.2924.90 Safari/537.36 2345Explorer/9.3.2.17331',
  'connection' => 'close',
  'host' => 'lin.com',
)
[ info ] [ PARAM ] array (
  '/admin/login/checkverify_html' => '',
  'tm' => '0.5098541925867464',
)
[ info ] [ RUN ] app\admin\controller\Login->checkVerify[ D:\PHPTutorial\WWW\open\application\admin\controller\Login.php ]
[ info ] [ SESSION ] INIT array (
  'id' => '',
  'var_session_id' => '',
  'prefix' => 'think',
  'type' => '',
  'auto_start' => true,
  'httponly' => true,
  'secure' => false,
)
[ info ] [ LOG ] INIT File
---------------------------------------------------------------
[ 2018-09-12T17:44:41+08:00 ] 127.0.0.1 POST /admin/login/dologin.html
[ info ] lin.com/admin/login/dologin.html [è¿è¡Œæ—¶é—´ï¼š1.266072s][åžåçŽ‡ï¼š0.79req/s] [å†…å­˜æ¶ˆè€—ï¼š2,047.16kb] [æ–‡ä»¶åŠ è½½ï¼š55]
[ info ] [ LANG ] D:\PHPTutorial\WWW\open\thinkphp\lang\zh-cn.php
[ info ] [ ROUTE ] array (
  'type' => 'module',
  'module' => 
  array (
    0 => 'admin',
    1 => 'login',
    2 => 'dologin',
  ),
)
[ info ] [ HEADER ] array (
  'cookie' => 'PHPSESSID=himvihei30ndcs3paiq2505h07',
  'accept-language' => 'zh-CN,zh;q=0.8',
  'accept-encoding' => 'gzip, deflate',
  'referer' => 'http://lin.com/',
  'content-type' => 'application/x-www-form-urlencoded; charset=UTF-8',
  'user-agent' => 'Mozilla/5.0 (Windows NT 6.1; WOW64) AppleWebKit/537.36 (KHTML, like Gecko) Chrome/56.0.2924.90 Safari/537.36 2345Explorer/9.3.2.17331',
  'x-requested-with' => 'XMLHttpRequest',
  'origin' => 'http://lin.com',
  'accept' => '*/*',
  'content-length' => '37',
  'connection' => 'close',
  'host' => 'lin.com',
)
[ info ] [ PARAM ] array (
  '/admin/login/dologin_html' => '',
  'username' => 'admin',
  'password' => '123',
  'code' => 'rtge',
)
[ info ] [ RUN ] app\admin\controller\Login->doLogin[ D:\PHPTutorial\WWW\open\application\admin\controller\Login.php ]
[ info ] [ SESSION ] INIT array (
  'id' => '',
  'var_session_id' => '',
  'prefix' => 'think',
  'type' => '',
  'auto_start' => true,
  'httponly' => true,
  'secure' => false,
)
[ info ] [ DB ] INIT mysql
[ info ] [ LOG ] INIT File
[ error ] [2002]SQLSTATE[HY000] [2002] ÓÉÓÚÄ¿±ê¼ÆËã»ú»ý¼«¾Ü¾ø£¬ÎÞ·¨Á¬½Ó¡£
[D:\PHPTutorial\WWW\open\thinkphp\library\think\db\Connection.php:293]
---------------------------------------------------------------
[ 2018-09-12T17:44:45+08:00 ] 127.0.0.1 GET /static/admin/css/bootstrap.min.css.map
[ info ] lin.com/static/admin/css/bootstrap.min.css.map [è¿è¡Œæ—¶é—´ï¼š0.033001s][åžåçŽ‡ï¼š30.30req/s] [å†…å­˜æ¶ˆè€—ï¼š1,148.34kb] [æ–‡ä»¶åŠ è½½ï¼š39]
[ info ] [ LANG ] D:\PHPTutorial\WWW\open\thinkphp\lang\zh-cn.php
[ info ] [ ROUTE ] array (
  'type' => 'module',
  'module' => 
  array (
    0 => 'static',
    1 => 'admin',
    2 => 'css',
  ),
)
[ info ] [ HEADER ] array (
  'cookie' => 'PHPSESSID=himvihei30ndcs3paiq2505h07',
  'accept-language' => 'zh-CN,zh;q=0.8',
  'accept-encoding' => 'gzip, deflate',
  'user-agent' => 'Mozilla/5.0 (Windows NT 6.1; WOW64) AppleWebKit/537.36 (KHTML, like Gecko) Chrome/56.0.2924.90 Safari/537.36 2345Explorer/9.3.2.17331',
  'connection' => 'close',
  'host' => 'lin.com',
)
[ info ] [ PARAM ] array (
  '/static/admin/css/bootstrap_min_css_map' => '',
)
[ info ] [ LOG ] INIT File
---------------------------------------------------------------
[ 2018-09-12T17:44:54+08:00 ] 127.0.0.1 GET /admin/login/dologin.html
[ info ] lin.com/admin/login/dologin.html [è¿è¡Œæ—¶é—´ï¼š0.041002s][åžåçŽ‡ï¼š24.39req/s] [å†…å­˜æ¶ˆè€—ï¼š1,419.74kb] [æ–‡ä»¶åŠ è½½ï¼š47]
[ info ] [ LANG ] D:\PHPTutorial\WWW\open\thinkphp\lang\zh-cn.php
[ info ] [ ROUTE ] array (
  'type' => 'module',
  'module' => 
  array (
    0 => 'admin',
    1 => 'login',
    2 => 'dologin',
  ),
)
[ info ] [ HEADER ] array (
  'cookie' => 'PHPSESSID=himvihei30ndcs3paiq2505h07',
  'accept-language' => 'zh-CN,zh;q=0.8',
  'accept-encoding' => 'gzip, deflate',
  'accept' => 'text/html,application/xhtml+xml,application/xml;q=0.9,image/webp,*/*;q=0.8',
  'user-agent' => 'Mozilla/5.0 (Windows NT 6.1; WOW64) AppleWebKit/537.36 (KHTML, like Gecko) Chrome/56.0.2924.90 Safari/537.36 2345Explorer/9.3.2.17331',
  'upgrade-insecure-requests' => '1',
  'connection' => 'close',
  'host' => 'lin.com',
)
[ info ] [ PARAM ] array (
  '/admin/login/dologin_html' => '',
)
[ info ] [ RUN ] app\admin\controller\Login->doLogin[ D:\PHPTutorial\WWW\open\application\admin\controller\Login.php ]
[ info ] [ LOG ] INIT File
---------------------------------------------------------------
[ 2018-09-12T17:45:02+08:00 ] 127.0.0.1 GET /
[ info ] lin.com/ [è¿è¡Œæ—¶é—´ï¼š0.039002s][åžåçŽ‡ï¼š25.64req/s] [å†…å­˜æ¶ˆè€—ï¼š1,443.71kb] [æ–‡ä»¶åŠ è½½ï¼š47]
[ info ] [ LANG ] D:\PHPTutorial\WWW\open\thinkphp\lang\zh-cn.php
[ info ] [ ROUTE ] array (
  'type' => 'module',
  'module' => 
  array (
    0 => '',
    1 => NULL,
    2 => NULL,
  ),
)
[ info ] [ HEADER ] array (
  'cookie' => 'PHPSESSID=himvihei30ndcs3paiq2505h07',
  'accept-language' => 'zh-CN,zh;q=0.8',
  'accept-encoding' => 'gzip, deflate',
  'accept' => 'text/html,application/xhtml+xml,application/xml;q=0.9,image/webp,*/*;q=0.8',
  'user-agent' => 'Mozilla/5.0 (Windows NT 6.1; WOW64) AppleWebKit/537.36 (KHTML, like Gecko) Chrome/56.0.2924.90 Safari/537.36 2345Explorer/9.3.2.17331',
  'upgrade-insecure-requests' => '1',
  'cache-control' => 'max-age=0',
  'connection' => 'close',
  'host' => 'lin.com',
)
[ info ] [ PARAM ] array (
)
[ info ] [ RUN ] app\admin\controller\Login->index[ D:\PHPTutorial\WWW\open\application\admin\controller\Login.php ]
[ info ] [ VIEW ] D:\PHPTutorial\WWW\open\public/../application/admin\view\login.html [ array (
) ]
[ info ] [ LOG ] INIT File
---------------------------------------------------------------
[ 2018-09-12T17:45:02+08:00 ] 127.0.0.1 GET /admin/login/checkverify.html
[ info ] lin.com/admin/login/checkverify.html [è¿è¡Œæ—¶é—´ï¼š0.100006s][åžåçŽ‡ï¼š10.00req/s] [å†…å­˜æ¶ˆè€—ï¼š1,444.65kb] [æ–‡ä»¶åŠ è½½ï¼š46]
[ info ] [ LANG ] D:\PHPTutorial\WWW\open\thinkphp\lang\zh-cn.php
[ info ] [ ROUTE ] array (
  'type' => 'module',
  'module' => 
  array (
    0 => 'admin',
    1 => 'login',
    2 => 'checkverify',
  ),
)
[ info ] [ HEADER ] array (
  'cookie' => 'PHPSESSID=himvihei30ndcs3paiq2505h07',
  'accept-language' => 'zh-CN,zh;q=0.8',
  'accept-encoding' => 'gzip, deflate',
  'referer' => 'http://lin.com/',
  'accept' => 'image/webp,image/*,*/*;q=0.8',
  'user-agent' => 'Mozilla/5.0 (Windows NT 6.1; WOW64) AppleWebKit/537.36 (KHTML, like Gecko) Chrome/56.0.2924.90 Safari/537.36 2345Explorer/9.3.2.17331',
  'connection' => 'close',
  'host' => 'lin.com',
)
[ info ] [ PARAM ] array (
  '/admin/login/checkverify_html' => '',
)
[ info ] [ RUN ] app\admin\controller\Login->checkVerify[ D:\PHPTutorial\WWW\open\application\admin\controller\Login.php ]
[ info ] [ SESSION ] INIT array (
  'id' => '',
  'var_session_id' => '',
  'prefix' => 'think',
  'type' => '',
  'auto_start' => true,
  'httponly' => true,
  'secure' => false,
)
[ info ] [ LOG ] INIT File
---------------------------------------------------------------
[ 2018-09-12T17:45:02+08:00 ] 127.0.0.1 GET /static/admin/css/bootstrap.min.css.map
[ info ] lin.com/static/admin/css/bootstrap.min.css.map [è¿è¡Œæ—¶é—´ï¼š0.032002s][åžåçŽ‡ï¼š31.25req/s] [å†…å­˜æ¶ˆè€—ï¼š1,148.34kb] [æ–‡ä»¶åŠ è½½ï¼š39]
[ info ] [ LANG ] D:\PHPTutorial\WWW\open\thinkphp\lang\zh-cn.php
[ info ] [ ROUTE ] array (
  'type' => 'module',
  'module' => 
  array (
    0 => 'static',
    1 => 'admin',
    2 => 'css',
  ),
)
[ info ] [ HEADER ] array (
  'cookie' => 'PHPSESSID=himvihei30ndcs3paiq2505h07',
  'accept-language' => 'zh-CN,zh;q=0.8',
  'accept-encoding' => 'gzip, deflate',
  'user-agent' => 'Mozilla/5.0 (Windows NT 6.1; WOW64) AppleWebKit/537.36 (KHTML, like Gecko) Chrome/56.0.2924.90 Safari/537.36 2345Explorer/9.3.2.17331',
  'connection' => 'close',
  'host' => 'lin.com',
)
[ info ] [ PARAM ] array (
  '/static/admin/css/bootstrap_min_css_map' => '',
)
[ info ] [ LOG ] INIT File
---------------------------------------------------------------
[ 2018-09-12T17:45:18+08:00 ] 127.0.0.1 POST /admin/login/dologin.html
[ info ] lin.com/admin/login/dologin.html [è¿è¡Œæ—¶é—´ï¼š1.090062s][åžåçŽ‡ï¼š0.92req/s] [å†…å­˜æ¶ˆè€—ï¼š2,047.16kb] [æ–‡ä»¶åŠ è½½ï¼š55]
[ info ] [ LANG ] D:\PHPTutorial\WWW\open\thinkphp\lang\zh-cn.php
[ info ] [ ROUTE ] array (
  'type' => 'module',
  'module' => 
  array (
    0 => 'admin',
    1 => 'login',
    2 => 'dologin',
  ),
)
[ info ] [ HEADER ] array (
  'cookie' => 'PHPSESSID=himvihei30ndcs3paiq2505h07',
  'accept-language' => 'zh-CN,zh;q=0.8',
  'accept-encoding' => 'gzip, deflate',
  'referer' => 'http://lin.com/',
  'content-type' => 'application/x-www-form-urlencoded; charset=UTF-8',
  'user-agent' => 'Mozilla/5.0 (Windows NT 6.1; WOW64) AppleWebKit/537.36 (KHTML, like Gecko) Chrome/56.0.2924.90 Safari/537.36 2345Explorer/9.3.2.17331',
  'x-requested-with' => 'XMLHttpRequest',
  'origin' => 'http://lin.com',
  'accept' => '*/*',
  'content-length' => '37',
  'connection' => 'close',
  'host' => 'lin.com',
)
[ info ] [ PARAM ] array (
  '/admin/login/dologin_html' => '',
  'username' => 'admin',
  'password' => '123',
  'code' => 'u6rg',
)
[ info ] [ RUN ] app\admin\controller\Login->doLogin[ D:\PHPTutorial\WWW\open\application\admin\controller\Login.php ]
[ info ] [ SESSION ] INIT array (
  'id' => '',
  'var_session_id' => '',
  'prefix' => 'think',
  'type' => '',
  'auto_start' => true,
  'httponly' => true,
  'secure' => false,
)
[ info ] [ DB ] INIT mysql
[ info ] [ LOG ] INIT File
[ error ] [2002]SQLSTATE[HY000] [2002] ÓÉÓÚÄ¿±ê¼ÆËã»ú»ý¼«¾Ü¾ø£¬ÎÞ·¨Á¬½Ó¡£
[D:\PHPTutorial\WWW\open\thinkphp\library\think\db\Connection.php:293]
