---------------------------------------------------------------
[ 2018-09-14T16:51:44+08:00 ] 127.0.0.1 GET /admin/test/excel_cai
[ info ] lin.com/admin/test/excel_cai [运行时间：0.566032s][吞吐率：1.77req/s] [内存消耗：2,176.85kb] [文件加载：52]
[ info ] [ LANG ] D:\PHPTutorial\WWW\open\thinkphp\lang\zh-cn.php
[ info ] [ ROUTE ] array (
  'type' => 'module',
  'module' => 
  array (
    0 => 'admin',
    1 => 'test',
    2 => 'excel_cai',
  ),
)
[ info ] [ HEADER ] array (
  'cookie' => 'vsid=931vr2770930807802142; pgv_pvi=7673728000',
  'accept-language' => 'zh-CN,zh;q=0.9',
  'accept-encoding' => 'gzip, deflate',
  'accept' => 'text/html,application/xhtml+xml,application/xml;q=0.9,image/webp,image/apng,*/*;q=0.8',
  'user-agent' => 'Mozilla/5.0 (Windows NT 6.1; Win64; x64) AppleWebKit/537.36 (KHTML, like Gecko) Chrome/66.0.3359.181 Safari/537.36',
  'upgrade-insecure-requests' => '1',
  'connection' => 'close',
  'host' => 'lin.com',
)
[ info ] [ PARAM ] array (
  '/admin/test/excel_cai' => '',
)
[ info ] [ RUN ] app\admin\controller\Test->excel_cai[ D:\PHPTutorial\WWW\open\application\admin\controller\Test.php ]
[ info ] [ DB ] INIT mysql
[ info ] [ LOG ] INIT File
---------------------------------------------------------------
[ 2018-09-14T16:51:59+08:00 ] 127.0.0.1 GET /admin/test/excel_cai
[ info ] lin.com/admin/test/excel_cai [运行时间：0.656037s][吞吐率：1.52req/s] [内存消耗：13,963.52kb] [文件加载：52]
[ info ] [ LANG ] D:\PHPTutorial\WWW\open\thinkphp\lang\zh-cn.php
[ info ] [ ROUTE ] array (
  'type' => 'module',
  'module' => 
  array (
    0 => 'admin',
    1 => 'test',
    2 => 'excel_cai',
  ),
)
[ info ] [ HEADER ] array (
  'cookie' => 'vsid=931vr2770930807802142; pgv_pvi=7673728000',
  'accept-language' => 'zh-CN,zh;q=0.9',
  'accept-encoding' => 'gzip, deflate',
  'accept' => 'text/html,application/xhtml+xml,application/xml;q=0.9,image/webp,image/apng,*/*;q=0.8',
  'user-agent' => 'Mozilla/5.0 (Windows NT 6.1; Win64; x64) AppleWebKit/537.36 (KHTML, like Gecko) Chrome/66.0.3359.181 Safari/537.36',
  'upgrade-insecure-requests' => '1',
  'cache-control' => 'max-age=0',
  'connection' => 'close',
  'host' => 'lin.com',
)
[ info ] [ PARAM ] array (
  '/admin/test/excel_cai' => '',
)
[ info ] [ RUN ] app\admin\controller\Test->excel_cai[ D:\PHPTutorial\WWW\open\application\admin\controller\Test.php ]
[ info ] [ DB ] INIT mysql
[ info ] [ LOG ] INIT File
---------------------------------------------------------------
[ 2018-09-14T16:58:44+08:00 ] 127.0.0.1 GET /admin/test/excel_cai
[ info ] lin.com/admin/test/excel_cai [运行时间：0.799046s][吞吐率：1.25req/s] [内存消耗：12,281.86kb] [文件加载：110]
[ info ] [ LANG ] D:\PHPTutorial\WWW\open\thinkphp\lang\zh-cn.php
[ info ] [ ROUTE ] array (
  'type' => 'module',
  'module' => 
  array (
    0 => 'admin',
    1 => 'test',
    2 => 'excel_cai',
  ),
)
[ info ] [ HEADER ] array (
  'cookie' => 'vsid=931vr2770930807802142; pgv_pvi=7673728000',
  'accept-language' => 'zh-CN,zh;q=0.9',
  'accept-encoding' => 'gzip, deflate',
  'accept' => 'text/html,application/xhtml+xml,application/xml;q=0.9,image/webp,image/apng,*/*;q=0.8',
  'user-agent' => 'Mozilla/5.0 (Windows NT 6.1; Win64; x64) AppleWebKit/537.36 (KHTML, like Gecko) Chrome/66.0.3359.181 Safari/537.36',
  'upgrade-insecure-requests' => '1',
  'cache-control' => 'max-age=0',
  'connection' => 'close',
  'host' => 'lin.com',
)
[ info ] [ PARAM ] array (
  '/admin/test/excel_cai' => '',
)
[ info ] [ RUN ] app\admin\controller\Test->excel_cai[ D:\PHPTutorial\WWW\open\application\admin\controller\Test.php ]
[ info ] [ DB ] INIT mysql
[ info ] [ LOG ] INIT File
---------------------------------------------------------------
[ 2018-09-14T16:59:29+08:00 ] 127.0.0.1 GET /admin/test/excel_cai
[ info ] lin.com/admin/test/excel_cai [运行时间：0.488028s][吞吐率：2.05req/s] [内存消耗：8,908.76kb] [文件加载：52]
[ info ] [ LANG ] D:\PHPTutorial\WWW\open\thinkphp\lang\zh-cn.php
[ info ] [ ROUTE ] array (
  'type' => 'module',
  'module' => 
  array (
    0 => 'admin',
    1 => 'test',
    2 => 'excel_cai',
  ),
)
[ info ] [ HEADER ] array (
  'cookie' => 'vsid=931vr2770930807802142; pgv_pvi=7673728000',
  'accept-language' => 'zh-CN,zh;q=0.9',
  'accept-encoding' => 'gzip, deflate',
  'accept' => 'text/html,application/xhtml+xml,application/xml;q=0.9,image/webp,image/apng,*/*;q=0.8',
  'user-agent' => 'Mozilla/5.0 (Windows NT 6.1; Win64; x64) AppleWebKit/537.36 (KHTML, like Gecko) Chrome/66.0.3359.181 Safari/537.36',
  'upgrade-insecure-requests' => '1',
  'cache-control' => 'max-age=0',
  'connection' => 'close',
  'host' => 'lin.com',
)
[ info ] [ PARAM ] array (
  '/admin/test/excel_cai' => '',
)
[ info ] [ RUN ] app\admin\controller\Test->excel_cai[ D:\PHPTutorial\WWW\open\application\admin\controller\Test.php ]
[ info ] [ DB ] INIT mysql
[ info ] [ LOG ] INIT File
---------------------------------------------------------------
[ 2018-09-14T17:00:28+08:00 ] 127.0.0.1 GET /admin/test/excel_cai
[ info ] lin.com/admin/test/excel_cai [运行时间：0.402023s][吞吐率：2.49req/s] [内存消耗：3,634.55kb] [文件加载：52]
[ info ] [ LANG ] D:\PHPTutorial\WWW\open\thinkphp\lang\zh-cn.php
[ info ] [ ROUTE ] array (
  'type' => 'module',
  'module' => 
  array (
    0 => 'admin',
    1 => 'test',
    2 => 'excel_cai',
  ),
)
[ info ] [ HEADER ] array (
  'cookie' => 'vsid=931vr2770930807802142; pgv_pvi=7673728000',
  'accept-language' => 'zh-CN,zh;q=0.9',
  'accept-encoding' => 'gzip, deflate',
  'accept' => 'text/html,application/xhtml+xml,application/xml;q=0.9,image/webp,image/apng,*/*;q=0.8',
  'user-agent' => 'Mozilla/5.0 (Windows NT 6.1; Win64; x64) AppleWebKit/537.36 (KHTML, like Gecko) Chrome/66.0.3359.181 Safari/537.36',
  'upgrade-insecure-requests' => '1',
  'cache-control' => 'max-age=0',
  'connection' => 'close',
  'host' => 'lin.com',
)
[ info ] [ PARAM ] array (
  '/admin/test/excel_cai' => '',
)
[ info ] [ RUN ] app\admin\controller\Test->excel_cai[ D:\PHPTutorial\WWW\open\application\admin\controller\Test.php ]
[ info ] [ DB ] INIT mysql
[ info ] [ LOG ] INIT File
---------------------------------------------------------------
[ 2018-09-14T17:00:36+08:00 ] 127.0.0.1 GET /admin/test/excel_cai
[ info ] lin.com/admin/test/excel_cai [运行时间：1.172067s][吞吐率：0.85req/s] [内存消耗：7,595.64kb] [文件加载：111]
[ info ] [ LANG ] D:\PHPTutorial\WWW\open\thinkphp\lang\zh-cn.php
[ info ] [ ROUTE ] array (
  'type' => 'module',
  'module' => 
  array (
    0 => 'admin',
    1 => 'test',
    2 => 'excel_cai',
  ),
)
[ info ] [ HEADER ] array (
  'cookie' => 'vsid=931vr2770930807802142; pgv_pvi=7673728000',
  'accept-language' => 'zh-CN,zh;q=0.9',
  'accept-encoding' => 'gzip, deflate',
  'accept' => 'text/html,application/xhtml+xml,application/xml;q=0.9,image/webp,image/apng,*/*;q=0.8',
  'user-agent' => 'Mozilla/5.0 (Windows NT 6.1; Win64; x64) AppleWebKit/537.36 (KHTML, like Gecko) Chrome/66.0.3359.181 Safari/537.36',
  'upgrade-insecure-requests' => '1',
  'cache-control' => 'max-age=0',
  'connection' => 'close',
  'host' => 'lin.com',
)
[ info ] [ PARAM ] array (
  '/admin/test/excel_cai' => '',
)
[ info ] [ RUN ] app\admin\controller\Test->excel_cai[ D:\PHPTutorial\WWW\open\application\admin\controller\Test.php ]
[ info ] [ DB ] INIT mysql
[ info ] [ LOG ] INIT File
